[0.389s] Invoking command in '/home/jared/final_project_group_4/src/fit_shape': PYTHONPATH=/home/jared/final_project_group_4/build/fit_shape/prefix_override:/home/jared/final_project_group_4/install/fit_shape/lib/python3.10/site-packages:${PYTHONPATH} /usr/bin/python3 setup.py egg_info --egg-base ../../build/fit_shape build --build-base /home/jared/final_project_group_4/build/fit_shape/build install --record /home/jared/final_project_group_4/build/fit_shape/install.log --single-version-externally-managed
[0.505s] running egg_info
[0.505s] writing ../../build/fit_shape/fit_shape.egg-info/PKG-INFO
[0.505s] writing dependency_links to ../../build/fit_shape/fit_shape.egg-info/dependency_links.txt
[0.505s] writing entry points to ../../build/fit_shape/fit_shape.egg-info/entry_points.txt
[0.505s] writing requirements to ../../build/fit_shape/fit_shape.egg-info/requires.txt
[0.505s] writing top-level names to ../../build/fit_shape/fit_shape.egg-info/top_level.txt
[0.506s] reading manifest file '../../build/fit_shape/fit_shape.egg-info/SOURCES.txt'
[0.507s] writing manifest file '../../build/fit_shape/fit_shape.egg-info/SOURCES.txt'
[0.507s] running build
[0.507s] running build_py
[0.507s] running install
[0.507s] /usr/lib/python3/dist-packages/setuptools/command/install.py:34: SetuptoolsDeprecationWarning: setup.py install is deprecated. Use build and pip and other standards-based tools.
[0.507s]   warnings.warn(
[0.507s] running install_lib
[0.508s] running install_data
[0.508s] running install_egg_info
[0.509s] removing '/home/jared/final_project_group_4/install/fit_shape/lib/python3.10/site-packages/fit_shape-0.0.0-py3.10.egg-info' (and everything under it)
[0.509s] Copying ../../build/fit_shape/fit_shape.egg-info to /home/jared/final_project_group_4/install/fit_shape/lib/python3.10/site-packages/fit_shape-0.0.0-py3.10.egg-info
[0.509s] running install_scripts
[0.521s] writing list of installed files to '/home/jared/final_project_group_4/build/fit_shape/install.log'
[0.534s] Invoked command in '/home/jared/final_project_group_4/src/fit_shape' returned '0': PYTHONPATH=/home/jared/final_project_group_4/build/fit_shape/prefix_override:/home/jared/final_project_group_4/install/fit_shape/lib/python3.10/site-packages:${PYTHONPATH} /usr/bin/python3 setup.py egg_info --egg-base ../../build/fit_shape build --build-base /home/jared/final_project_group_4/build/fit_shape/build install --record /home/jared/final_project_group_4/build/fit_shape/install.log --single-version-externally-managed
