running egg_info
creating ../../build/fit_shape/fit_shape.egg-info
writing ../../build/fit_shape/fit_shape.egg-info/PKG-INFO
writing dependency_links to ../../build/fit_shape/fit_shape.egg-info/dependency_links.txt
writing entry points to ../../build/fit_shape/fit_shape.egg-info/entry_points.txt
writing requirements to ../../build/fit_shape/fit_shape.egg-info/requires.txt
writing top-level names to ../../build/fit_shape/fit_shape.egg-info/top_level.txt
writing manifest file '../../build/fit_shape/fit_shape.egg-info/SOURCES.txt'
reading manifest file '../../build/fit_shape/fit_shape.egg-info/SOURCES.txt'
writing manifest file '../../build/fit_shape/fit_shape.egg-info/SOURCES.txt'
running build
running build_py
creating /home/jared/final_project_group_4/build/fit_shape/build
creating /home/jared/final_project_group_4/build/fit_shape/build/lib
creating /home/jared/final_project_group_4/build/fit_shape/build/lib/fit_shape
copying fit_shape/fit_shape.py -> /home/jared/final_project_group_4/build/fit_shape/build/lib/fit_shape
copying fit_shape/__init__.py -> /home/jared/final_project_group_4/build/fit_shape/build/lib/fit_shape
running install
running install_lib
creating /home/jared/final_project_group_4/install/fit_shape/lib/python3.10/site-packages/fit_shape
copying /home/jared/final_project_group_4/build/fit_shape/build/lib/fit_shape/fit_shape.py -> /home/jared/final_project_group_4/install/fit_shape/lib/python3.10/site-packages/fit_shape
copying /home/jared/final_project_group_4/build/fit_shape/build/lib/fit_shape/__init__.py -> /home/jared/final_project_group_4/install/fit_shape/lib/python3.10/site-packages/fit_shape
byte-compiling /home/jared/final_project_group_4/install/fit_shape/lib/python3.10/site-packages/fit_shape/fit_shape.py to fit_shape.cpython-310.pyc
byte-compiling /home/jared/final_project_group_4/install/fit_shape/lib/python3.10/site-packages/fit_shape/__init__.py to __init__.cpython-310.pyc
running install_data
creating /home/jared/final_project_group_4/install/fit_shape/share/ament_index
creating /home/jared/final_project_group_4/install/fit_shape/share/ament_index/resource_index
creating /home/jared/final_project_group_4/install/fit_shape/share/ament_index/resource_index/packages
copying resource/fit_shape -> /home/jared/final_project_group_4/install/fit_shape/share/ament_index/resource_index/packages
copying package.xml -> /home/jared/final_project_group_4/install/fit_shape/share/fit_shape
running install_egg_info
Copying ../../build/fit_shape/fit_shape.egg-info to /home/jared/final_project_group_4/install/fit_shape/lib/python3.10/site-packages/fit_shape-0.0.0-py3.10.egg-info
running install_scripts
writing list of installed files to '/home/jared/final_project_group_4/build/fit_shape/install.log'
