[0.401s] Invoking command in '/home/jared/final_project_group_4/src/fit_shape': PYTHONPATH=/home/jared/final_project_group_4/build/fit_shape/prefix_override:/home/jared/final_project_group_4/install/fit_shape/lib/python3.10/site-packages:${PYTHONPATH} /usr/bin/python3 setup.py egg_info --egg-base ../../build/fit_shape build --build-base /home/jared/final_project_group_4/build/fit_shape/build install --record /home/jared/final_project_group_4/build/fit_shape/install.log --single-version-externally-managed
[0.524s] running egg_info
[0.525s] creating ../../build/fit_shape/fit_shape.egg-info
[0.525s] writing ../../build/fit_shape/fit_shape.egg-info/PKG-INFO
[0.525s] writing dependency_links to ../../build/fit_shape/fit_shape.egg-info/dependency_links.txt
[0.525s] writing entry points to ../../build/fit_shape/fit_shape.egg-info/entry_points.txt
[0.525s] writing requirements to ../../build/fit_shape/fit_shape.egg-info/requires.txt
[0.525s] writing top-level names to ../../build/fit_shape/fit_shape.egg-info/top_level.txt
[0.525s] writing manifest file '../../build/fit_shape/fit_shape.egg-info/SOURCES.txt'
[0.525s] reading manifest file '../../build/fit_shape/fit_shape.egg-info/SOURCES.txt'
[0.525s] writing manifest file '../../build/fit_shape/fit_shape.egg-info/SOURCES.txt'
[0.525s] running build
[0.525s] running build_py
[0.525s] creating /home/jared/final_project_group_4/build/fit_shape/build
[0.525s] creating /home/jared/final_project_group_4/build/fit_shape/build/lib
[0.525s] creating /home/jared/final_project_group_4/build/fit_shape/build/lib/fit_shape
[0.525s] copying fit_shape/fit_shape.py -> /home/jared/final_project_group_4/build/fit_shape/build/lib/fit_shape
[0.525s] copying fit_shape/__init__.py -> /home/jared/final_project_group_4/build/fit_shape/build/lib/fit_shape
[0.526s] running install
[0.526s] /usr/lib/python3/dist-packages/setuptools/command/install.py:34: SetuptoolsDeprecationWarning: setup.py install is deprecated. Use build and pip and other standards-based tools.
[0.526s]   warnings.warn(
[0.526s] running install_lib
[0.526s] creating /home/jared/final_project_group_4/install/fit_shape/lib/python3.10/site-packages/fit_shape
[0.526s] copying /home/jared/final_project_group_4/build/fit_shape/build/lib/fit_shape/fit_shape.py -> /home/jared/final_project_group_4/install/fit_shape/lib/python3.10/site-packages/fit_shape
[0.526s] copying /home/jared/final_project_group_4/build/fit_shape/build/lib/fit_shape/__init__.py -> /home/jared/final_project_group_4/install/fit_shape/lib/python3.10/site-packages/fit_shape
[0.526s] byte-compiling /home/jared/final_project_group_4/install/fit_shape/lib/python3.10/site-packages/fit_shape/fit_shape.py to fit_shape.cpython-310.pyc
[0.527s] byte-compiling /home/jared/final_project_group_4/install/fit_shape/lib/python3.10/site-packages/fit_shape/__init__.py to __init__.cpython-310.pyc
[0.527s] running install_data
[0.527s] creating /home/jared/final_project_group_4/install/fit_shape/share/ament_index
[0.527s] creating /home/jared/final_project_group_4/install/fit_shape/share/ament_index/resource_index
[0.527s] creating /home/jared/final_project_group_4/install/fit_shape/share/ament_index/resource_index/packages
[0.527s] copying resource/fit_shape -> /home/jared/final_project_group_4/install/fit_shape/share/ament_index/resource_index/packages
[0.527s] copying package.xml -> /home/jared/final_project_group_4/install/fit_shape/share/fit_shape
[0.527s] running install_egg_info
[0.528s] Copying ../../build/fit_shape/fit_shape.egg-info to /home/jared/final_project_group_4/install/fit_shape/lib/python3.10/site-packages/fit_shape-0.0.0-py3.10.egg-info
[0.528s] running install_scripts
[0.542s] writing list of installed files to '/home/jared/final_project_group_4/build/fit_shape/install.log'
[0.556s] Invoked command in '/home/jared/final_project_group_4/src/fit_shape' returned '0': PYTHONPATH=/home/jared/final_project_group_4/build/fit_shape/prefix_override:/home/jared/final_project_group_4/install/fit_shape/lib/python3.10/site-packages:${PYTHONPATH} /usr/bin/python3 setup.py egg_info --egg-base ../../build/fit_shape build --build-base /home/jared/final_project_group_4/build/fit_shape/build install --record /home/jared/final_project_group_4/build/fit_shape/install.log --single-version-externally-managed
