[0.177s] Invoking command in '/home/jared/final_project_group_4/build/vbm_project_env': CMAKE_PREFIX_PATH=${CMAKE_PREFIX_PATH}:/home/jared/ros2_ws/install/opencv_test_py:/opt/ros/humble /usr/bin/cmake /home/jared/final_project_group_4/vbm_project_env -DCMAKE_INSTALL_PREFIX=/home/jared/final_project_group_4/install/vbm_project_env
[0.266s] -- The C compiler identification is GNU 11.4.0
[0.311s] -- The CXX compiler identification is GNU 11.4.0
[0.318s] -- Detecting C compiler ABI info
[0.362s] -- Detecting C compiler ABI info - done
[0.367s] -- Check for working C compiler: /usr/bin/cc - skipped
[0.367s] -- Detecting C compile features
[0.367s] -- Detecting C compile features - done
[0.370s] -- Detecting CXX compiler ABI info
[0.417s] -- Detecting CXX compiler ABI info - done
[0.422s] -- Check for working CXX compiler: /usr/bin/c++ - skipped
[0.422s] -- Detecting CXX compile features
[0.422s] -- Detecting CXX compile features - done
[0.425s] -- Found ament_cmake: 1.3.5 (/opt/ros/humble/share/ament_cmake/cmake)
[0.523s] -- Found Python3: /usr/bin/python3.10 (found version "3.10.12") found components: Interpreter 
[0.571s] -- Found ament_lint_auto: 0.12.8 (/opt/ros/humble/share/ament_lint_auto/cmake)
[0.615s] -- Added test 'flake8' to check Python code syntax and style conventions
[0.615s] -- Added test 'lint_cmake' to check CMake code style
[0.615s] -- Added test 'pep257' to check Python code against some of the docstring style conventions in PEP 257
[0.616s] -- Added test 'xmllint' to check XML markup files
[0.616s] -- Configuring done
[0.618s] -- Generating done
[0.618s] -- Build files have been written to: /home/jared/final_project_group_4/build/vbm_project_env
[0.621s] Invoked command in '/home/jared/final_project_group_4/build/vbm_project_env' returned '0': CMAKE_PREFIX_PATH=${CMAKE_PREFIX_PATH}:/home/jared/ros2_ws/install/opencv_test_py:/opt/ros/humble /usr/bin/cmake /home/jared/final_project_group_4/vbm_project_env -DCMAKE_INSTALL_PREFIX=/home/jared/final_project_group_4/install/vbm_project_env
[0.622s] Invoking command in '/home/jared/final_project_group_4/build/vbm_project_env': CMAKE_PREFIX_PATH=${CMAKE_PREFIX_PATH}:/home/jared/ros2_ws/install/opencv_test_py:/opt/ros/humble /usr/bin/cmake --build /home/jared/final_project_group_4/build/vbm_project_env -- -j20 -l20
[0.646s] Invoked command in '/home/jared/final_project_group_4/build/vbm_project_env' returned '0': CMAKE_PREFIX_PATH=${CMAKE_PREFIX_PATH}:/home/jared/ros2_ws/install/opencv_test_py:/opt/ros/humble /usr/bin/cmake --build /home/jared/final_project_group_4/build/vbm_project_env -- -j20 -l20
[0.664s] Invoking command in '/home/jared/final_project_group_4/build/vbm_project_env': CMAKE_PREFIX_PATH=${CMAKE_PREFIX_PATH}:/home/jared/ros2_ws/install/opencv_test_py:/opt/ros/humble /usr/bin/cmake --install /home/jared/final_project_group_4/build/vbm_project_env
[0.667s] -- Install configuration: ""
[0.667s] -- Installing: /home/jared/final_project_group_4/install/vbm_project_env/share/vbm_project_env/launch
[0.667s] -- Installing: /home/jared/final_project_group_4/install/vbm_project_env/share/vbm_project_env/launch/simulation.launch.py
[0.667s] -- Installing: /home/jared/final_project_group_4/install/vbm_project_env/share/vbm_project_env/worlds
[0.667s] -- Installing: /home/jared/final_project_group_4/install/vbm_project_env/share/vbm_project_env/worlds/simulation.world
[0.667s] -- Installing: /home/jared/final_project_group_4/install/vbm_project_env/share/vbm_project_env/urdf
[0.667s] -- Installing: /home/jared/final_project_group_4/install/vbm_project_env/share/vbm_project_env/urdf/camera.urdf
[0.667s] -- Installing: /home/jared/final_project_group_4/install/vbm_project_env/share/ament_index/resource_index/package_run_dependencies/vbm_project_env
[0.667s] -- Installing: /home/jared/final_project_group_4/install/vbm_project_env/share/ament_index/resource_index/parent_prefix_path/vbm_project_env
[0.667s] -- Installing: /home/jared/final_project_group_4/install/vbm_project_env/share/vbm_project_env/environment/ament_prefix_path.sh
[0.668s] -- Installing: /home/jared/final_project_group_4/install/vbm_project_env/share/vbm_project_env/environment/ament_prefix_path.dsv
[0.668s] -- Installing: /home/jared/final_project_group_4/install/vbm_project_env/share/vbm_project_env/environment/path.sh
[0.668s] -- Installing: /home/jared/final_project_group_4/install/vbm_project_env/share/vbm_project_env/environment/path.dsv
[0.668s] -- Installing: /home/jared/final_project_group_4/install/vbm_project_env/share/vbm_project_env/local_setup.bash
[0.668s] -- Installing: /home/jared/final_project_group_4/install/vbm_project_env/share/vbm_project_env/local_setup.sh
[0.668s] -- Installing: /home/jared/final_project_group_4/install/vbm_project_env/share/vbm_project_env/local_setup.zsh
[0.668s] -- Installing: /home/jared/final_project_group_4/install/vbm_project_env/share/vbm_project_env/local_setup.dsv
[0.668s] -- Installing: /home/jared/final_project_group_4/install/vbm_project_env/share/vbm_project_env/package.dsv
[0.668s] -- Installing: /home/jared/final_project_group_4/install/vbm_project_env/share/ament_index/resource_index/packages/vbm_project_env
[0.668s] -- Installing: /home/jared/final_project_group_4/install/vbm_project_env/share/vbm_project_env/cmake/vbm_project_envConfig.cmake
[0.668s] -- Installing: /home/jared/final_project_group_4/install/vbm_project_env/share/vbm_project_env/cmake/vbm_project_envConfig-version.cmake
[0.668s] -- Installing: /home/jared/final_project_group_4/install/vbm_project_env/share/vbm_project_env/package.xml
[0.669s] Invoked command in '/home/jared/final_project_group_4/build/vbm_project_env' returned '0': CMAKE_PREFIX_PATH=${CMAKE_PREFIX_PATH}:/home/jared/ros2_ws/install/opencv_test_py:/opt/ros/humble /usr/bin/cmake --install /home/jared/final_project_group_4/build/vbm_project_env
